CONFIG_TARGET_rockchip=y
CONFIG_TARGET_rockchip_armv8=y
CONFIG_TARGET_rockchip_armv8_DEVICE_friendlyarm_nanopi-r2s=y
CONFIG_NFS_KERNEL_SERVER_V4=y
CONFIG_PACKAGE_SAMBA_MAX_DEBUG_LEVEL=-1
CONFIG_PACKAGE_boost=y
CONFIG_PACKAGE_boost-date_time=y
CONFIG_PACKAGE_boost-program_options=y
CONFIG_PACKAGE_boost-system=y
CONFIG_PACKAGE_ipt2socks=y
CONFIG_PACKAGE_iptables-mod-extra=y
CONFIG_PACKAGE_kcptun-client=y
CONFIG_PACKAGE_kmod-crypto-cbc=y
CONFIG_PACKAGE_kmod-crypto-cts=y
CONFIG_PACKAGE_kmod-crypto-des=y
CONFIG_PACKAGE_kmod-crypto-hmac=y
CONFIG_PACKAGE_kmod-crypto-md5=y
CONFIG_PACKAGE_kmod-crypto-rng=y
CONFIG_PACKAGE_kmod-crypto-sha256=y
CONFIG_PACKAGE_kmod-dax=y
CONFIG_PACKAGE_kmod-dm=y
CONFIG_PACKAGE_kmod-dnsresolver=y
CONFIG_PACKAGE_kmod-fs-exportfs=y
CONFIG_PACKAGE_kmod-fs-nfs=y
CONFIG_PACKAGE_kmod-fs-nfs-common=y
CONFIG_PACKAGE_kmod-fs-nfs-common-rpcsec=y
CONFIG_PACKAGE_kmod-fs-nfs-v4=y
CONFIG_PACKAGE_kmod-fs-nfsd=y
CONFIG_PACKAGE_kmod-ipt-extra=y
CONFIG_PACKAGE_kmod-keys-encrypted=y
CONFIG_PACKAGE_kmod-keys-trusted=y
CONFIG_PACKAGE_kmod-random-core=y
CONFIG_PACKAGE_kmod-tpm=y
CONFIG_PACKAGE_libbz2=y
CONFIG_PACKAGE_libcap=y
CONFIG_PACKAGE_libcap-bin=y
CONFIG_PACKAGE_libcap-bin-capsh-shell="/bin/sh"
CONFIG_PACKAGE_libdevmapper=y
CONFIG_PACKAGE_libevent2=y
CONFIG_PACKAGE_libkeyutils=y
CONFIG_PACKAGE_libmount=y
CONFIG_PACKAGE_libreadline=y
CONFIG_PACKAGE_libtirpc=y
CONFIG_PACKAGE_libwebsockets-full=y
CONFIG_PACKAGE_libwrap=y
CONFIG_PACKAGE_luci-app-nfs=y
CONFIG_PACKAGE_luci-app-ssr-plus_INCLUDE_Kcptun=y
CONFIG_PACKAGE_luci-app-ssr-plus_INCLUDE_Redsocks2=y
CONFIG_PACKAGE_luci-app-ssr-plus_INCLUDE_Trojan=y
CONFIG_PACKAGE_luci-app-ssr-plus_INCLUDE_V2ray_Plugin=y
CONFIG_PACKAGE_luci-app-ttyd=y
CONFIG_PACKAGE_luci-app-wrtbwmon=y
CONFIG_PACKAGE_luci-i18n-nfs-zh-cn=y
CONFIG_PACKAGE_luci-i18n-ttyd-zh-cn=y
CONFIG_PACKAGE_luci-i18n-wrtbwmon-zh-cn=y
CONFIG_PACKAGE_mount-utils=y
CONFIG_PACKAGE_nfs-kernel-server=y
CONFIG_PACKAGE_nfs-kernel-server-utils=y
CONFIG_PACKAGE_nfs-utils=y
CONFIG_PACKAGE_nfs-utils-libs=y
CONFIG_PACKAGE_redsocks2=y
CONFIG_PACKAGE_rpcbind=y
CONFIG_PACKAGE_samba36-server=y
CONFIG_PACKAGE_trojan=y
CONFIG_PACKAGE_ttyd=y
CONFIG_PACKAGE_v2ray-plugin=y
CONFIG_RPCBIND_LIBWRAP=y
CONFIG_RPCBIND_RMTCALLS=y
CONFIG_TARGET_KERNEL_PARTSIZE=100
CONFIG_TARGET_ROOTFS_PARTSIZE=2048
CONFIG_boost-compile-visibility-hidden=y
CONFIG_boost-runtime-shared=y
CONFIG_boost-static-and-shared-libs=y
CONFIG_boost-variant-release=y
