CONFIG_TARGET_x86=y
CONFIG_TARGET_x86_64=y
CONFIG_TARGET_x86_64_Generic=y
CONFIG_DOCKER_CGROUP_OPTIONS=y
CONFIG_DOCKER_NET_MACVLAN=y
CONFIG_DOCKER_STO_EXT4=y
CONFIG_KERNEL_CGROUP_DEVICE=y
CONFIG_KERNEL_CGROUP_FREEZER=y
CONFIG_KERNEL_CGROUP_NET_PRIO=y
CONFIG_KERNEL_EXT4_FS_POSIX_ACL=y
CONFIG_KERNEL_EXT4_FS_SECURITY=y
CONFIG_KERNEL_FS_POSIX_ACL=y
CONFIG_KERNEL_NET_CLS_CGROUP=y
CONFIG_LIBCURL_COOKIES=y
CONFIG_LIBCURL_CRYPTO_AUTH=y
CONFIG_LIBCURL_FILE=y
CONFIG_LIBCURL_FTP=y
CONFIG_LIBCURL_HTTP=y
CONFIG_LIBCURL_LDAP=y
CONFIG_LIBCURL_LDAPS=y
CONFIG_LIBCURL_NGHTTP2=y
CONFIG_LIBCURL_OPENSSL=y
CONFIG_LIBCURL_PROXY=y
CONFIG_LIBCURL_TFTP=y
CONFIG_LIBCURL_THREADED_RESOLVER=y
CONFIG_LIBCURL_TLS_SRP=y
CONFIG_LIBCURL_UNIX_SOCKETS=y
CONFIG_NFS_KERNEL_SERVER_V4=y
CONFIG_OPENVPN_openssl_ENABLE_DEF_AUTH=y
CONFIG_OPENVPN_openssl_ENABLE_FRAGMENT=y
CONFIG_OPENVPN_openssl_ENABLE_LZ4=y
CONFIG_OPENVPN_openssl_ENABLE_MULTIHOME=y
CONFIG_OPENVPN_openssl_ENABLE_PF=y
CONFIG_OPENVPN_openssl_ENABLE_PORT_SHARE=y
CONFIG_OPENVPN_openssl_ENABLE_SMALL=y
CONFIG_PACKAGE_ChinaDNS=y
# CONFIG_PACKAGE_UnblockNeteaseMusic is not set
# CONFIG_PACKAGE_UnblockNeteaseMusic-Go is not set
CONFIG_PACKAGE_adblock=m
CONFIG_PACKAGE_adbyby=m
CONFIG_PACKAGE_adguardhome=m
CONFIG_PACKAGE_bash=y
CONFIG_PACKAGE_blkid=y
CONFIG_PACKAGE_boost=y
CONFIG_PACKAGE_boost-date_time=y
CONFIG_PACKAGE_boost-program_options=y
CONFIG_PACKAGE_boost-system=y
CONFIG_PACKAGE_brook=y
CONFIG_PACKAGE_btrfs-progs=y
CONFIG_PACKAGE_cgroupfs-mount=m
CONFIG_PACKAGE_chinadns-ng=y
CONFIG_PACKAGE_cifsmount=y
CONFIG_PACKAGE_collectd=m
CONFIG_PACKAGE_collectd-mod-cpu=m
CONFIG_PACKAGE_collectd-mod-interface=m
CONFIG_PACKAGE_collectd-mod-iwinfo=m
CONFIG_PACKAGE_collectd-mod-load=m
CONFIG_PACKAGE_collectd-mod-memory=m
CONFIG_PACKAGE_collectd-mod-network=m
CONFIG_PACKAGE_collectd-mod-rrdtool=m
CONFIG_PACKAGE_containerd=m
CONFIG_PACKAGE_coreutils-nohup=y
CONFIG_PACKAGE_coreutils-sort=m
CONFIG_PACKAGE_curl=y
CONFIG_PACKAGE_docker=m
CONFIG_PACKAGE_dockerd=m
# CONFIG_PACKAGE_etherwake is not set
CONFIG_PACKAGE_haproxy=y
CONFIG_PACKAGE_ipt2socks=y
CONFIG_PACKAGE_iptables-mod-conntrack-extra=m
CONFIG_PACKAGE_iptables-mod-extra=y
CONFIG_PACKAGE_iptables-mod-ipopt=m
# CONFIG_PACKAGE_iptables-mod-ipsec is not set
CONFIG_PACKAGE_iputils-arping=m
CONFIG_PACKAGE_kcptun-client=y
CONFIG_PACKAGE_kmod-br-netfilter=m
CONFIG_PACKAGE_kmod-crypto-ccm=y
CONFIG_PACKAGE_kmod-crypto-cmac=y
CONFIG_PACKAGE_kmod-crypto-ctr=y
CONFIG_PACKAGE_kmod-crypto-cts=y
# CONFIG_PACKAGE_kmod-crypto-deflate is not set
# CONFIG_PACKAGE_kmod-crypto-echainiv is not set
CONFIG_PACKAGE_kmod-crypto-gf128=y
CONFIG_PACKAGE_kmod-crypto-md4=y
CONFIG_PACKAGE_kmod-crypto-misc=y
CONFIG_PACKAGE_kmod-crypto-rng=y
CONFIG_PACKAGE_kmod-crypto-seqiv=y
CONFIG_PACKAGE_kmod-crypto-sha256=y
CONFIG_PACKAGE_kmod-crypto-sha512=y
CONFIG_PACKAGE_kmod-crypto-xts=y
CONFIG_PACKAGE_kmod-dax=y
CONFIG_PACKAGE_kmod-dm=y
CONFIG_PACKAGE_kmod-dnsresolver=y
CONFIG_PACKAGE_kmod-dummy=m
CONFIG_PACKAGE_kmod-fs-btrfs=y
CONFIG_PACKAGE_kmod-fs-cifs=y
CONFIG_PACKAGE_kmod-fs-exportfs=y
CONFIG_PACKAGE_kmod-fs-nfs=y
CONFIG_PACKAGE_kmod-fs-nfs-common=y
CONFIG_PACKAGE_kmod-fs-nfs-common-rpcsec=y
CONFIG_PACKAGE_kmod-fs-nfs-v4=y
CONFIG_PACKAGE_kmod-fs-nfsd=y
CONFIG_PACKAGE_kmod-ifb=m
CONFIG_PACKAGE_kmod-ikconfig=m
# CONFIG_PACKAGE_kmod-ipsec is not set
CONFIG_PACKAGE_kmod-ipt-conntrack-extra=m
CONFIG_PACKAGE_kmod-ipt-extra=y
CONFIG_PACKAGE_kmod-ipt-ipopt=m
# CONFIG_PACKAGE_kmod-ipt-ipsec is not set
# CONFIG_PACKAGE_kmod-iptunnel6 is not set
CONFIG_PACKAGE_kmod-keys-encrypted=y
CONFIG_PACKAGE_kmod-keys-trusted=y
CONFIG_PACKAGE_kmod-lib-crc32c=y
CONFIG_PACKAGE_kmod-lib-lzo=y
CONFIG_PACKAGE_kmod-lib-raid6=y
CONFIG_PACKAGE_kmod-lib-xor=y
CONFIG_PACKAGE_kmod-lib-zstd=y
CONFIG_PACKAGE_kmod-nf-ipvs=m
CONFIG_PACKAGE_kmod-random-core=y
CONFIG_PACKAGE_kmod-sched-cake=m
CONFIG_PACKAGE_kmod-sched-core=m
CONFIG_PACKAGE_kmod-tpm=y
CONFIG_PACKAGE_kmod-tun=m
CONFIG_PACKAGE_kmod-veth=m
CONFIG_PACKAGE_libattr=y
CONFIG_PACKAGE_libcap=y
CONFIG_PACKAGE_libcap-bin=y
CONFIG_PACKAGE_libcap-bin-capsh-shell="/bin/sh"
CONFIG_PACKAGE_libcurl=y
CONFIG_PACKAGE_libdb47=y
CONFIG_PACKAGE_libdevmapper-normal=y
CONFIG_PACKAGE_libevent2=y
CONFIG_PACKAGE_libkeyutils=y
CONFIG_PACKAGE_libltdl=y
CONFIG_PACKAGE_liblua5.3=y
CONFIG_PACKAGE_liblzo=y
CONFIG_PACKAGE_libmaxminddb=y
# CONFIG_PACKAGE_libminiupnpc is not set
CONFIG_PACKAGE_libmount=y
# CONFIG_PACKAGE_libnatpmp is not set
CONFIG_PACKAGE_libnetwork=m
CONFIG_PACKAGE_libopenldap=y
CONFIG_PACKAGE_librrd1=m
CONFIG_PACKAGE_libruby=y
CONFIG_PACKAGE_libsasl2=y
CONFIG_PACKAGE_libtirpc=y
CONFIG_PACKAGE_libunbound=m
CONFIG_PACKAGE_libunbound_ipset=y
CONFIG_PACKAGE_libunbound_libevent=y
CONFIG_PACKAGE_libunbound_libpthread=y
CONFIG_PACKAGE_libwebsockets-full=y
CONFIG_PACKAGE_libwrap=y
CONFIG_PACKAGE_libyaml=y
CONFIG_PACKAGE_lsblk=y
CONFIG_PACKAGE_lua-maxminddb=y
CONFIG_PACKAGE_luasocket=y
CONFIG_PACKAGE_luci-app-accesscontrol=m
CONFIG_PACKAGE_luci-app-adblock=m
CONFIG_PACKAGE_luci-app-adbyby-plus=m
CONFIG_PACKAGE_luci-app-adguardhome=m
CONFIG_PACKAGE_luci-app-chinadns=y
CONFIG_PACKAGE_luci-app-cifs=y
CONFIG_PACKAGE_luci-app-diskman=y
CONFIG_PACKAGE_luci-app-docker=m
# CONFIG_PACKAGE_luci-app-ipsec-vpnd is not set
CONFIG_PACKAGE_luci-app-naiveproxy=y
CONFIG_PACKAGE_luci-app-netdata=y
CONFIG_PACKAGE_luci-app-nfs=y
CONFIG_PACKAGE_luci-app-onliner=y
CONFIG_PACKAGE_luci-app-openclash=y
CONFIG_PACKAGE_luci-app-openvpn=m
CONFIG_PACKAGE_luci-app-openvpn-server=m
CONFIG_PACKAGE_luci-app-passwall=y
CONFIG_PACKAGE_luci-app-passwall_INCLUDE_Brook=y
CONFIG_PACKAGE_luci-app-passwall_INCLUDE_ChinaDNS_NG=y
CONFIG_PACKAGE_luci-app-passwall_INCLUDE_NaiveProxy=y
CONFIG_PACKAGE_luci-app-passwall_INCLUDE_kcptun=y
CONFIG_PACKAGE_luci-app-serverchan=m
CONFIG_PACKAGE_luci-app-smartdns=m
CONFIG_PACKAGE_luci-app-sqm=m
CONFIG_PACKAGE_luci-app-ssr-plus_INCLUDE_Kcptun=y
CONFIG_PACKAGE_luci-app-ssr-plus_INCLUDE_Redsocks2=y
CONFIG_PACKAGE_luci-app-ssr-plus_INCLUDE_Shadowsocks_Rust=y
CONFIG_PACKAGE_luci-app-ssr-plus_INCLUDE_Trojan=y
CONFIG_PACKAGE_luci-app-statistics=m
CONFIG_PACKAGE_luci-app-ttyd=y
CONFIG_PACKAGE_luci-app-uhttpd=m
# CONFIG_PACKAGE_luci-app-unblockmusic is not set
CONFIG_PACKAGE_luci-app-unbound=m
# CONFIG_PACKAGE_luci-app-upnp is not set
CONFIG_PACKAGE_luci-app-vlmcsd=m
CONFIG_PACKAGE_luci-app-vsftpd=m
CONFIG_PACKAGE_luci-app-vssr=y
CONFIG_PACKAGE_luci-app-vssr_INCLUDE_Kcptun=y
# CONFIG_PACKAGE_luci-app-wol is not set
CONFIG_PACKAGE_luci-app-wrtbwmon=y
# CONFIG_PACKAGE_luci-app-xlnetacc is not set
# CONFIG_PACKAGE_luci-app-zerotier is not set
CONFIG_PACKAGE_luci-i18n-accesscontrol-zh-cn=m
CONFIG_PACKAGE_luci-i18n-adblock-zh-cn=m
CONFIG_PACKAGE_luci-i18n-adbyby-plus-zh-cn=m
CONFIG_PACKAGE_luci-i18n-adguardhome-zh-cn=m
CONFIG_PACKAGE_luci-i18n-chinadns-zh-cn=y
CONFIG_PACKAGE_luci-i18n-cifs-zh-cn=y
CONFIG_PACKAGE_luci-i18n-docker-zh-cn=m
CONFIG_PACKAGE_luci-i18n-naiveproxy-en=y
CONFIG_PACKAGE_luci-i18n-naiveproxy-zh-cn=y
CONFIG_PACKAGE_luci-i18n-netdata-zh-cn=y
CONFIG_PACKAGE_luci-i18n-nfs-zh-cn=y
CONFIG_PACKAGE_luci-i18n-onliner-zh-cn=y
CONFIG_PACKAGE_luci-i18n-openvpn-en=m
CONFIG_PACKAGE_luci-i18n-openvpn-server-zh-cn=m
CONFIG_PACKAGE_luci-i18n-openvpn-zh-cn=m
CONFIG_PACKAGE_luci-i18n-smartdns-zh-cn=m
CONFIG_PACKAGE_luci-i18n-sqm-en=m
CONFIG_PACKAGE_luci-i18n-sqm-zh-cn=m
CONFIG_PACKAGE_luci-i18n-statistics-en=m
CONFIG_PACKAGE_luci-i18n-statistics-zh-cn=m
CONFIG_PACKAGE_luci-i18n-ttyd-zh-cn=y
CONFIG_PACKAGE_luci-i18n-uhttpd-zh-cn=m
CONFIG_PACKAGE_luci-i18n-unbound-en=m
CONFIG_PACKAGE_luci-i18n-unbound-zh-cn=m
CONFIG_PACKAGE_luci-i18n-vlmcsd-zh-cn=m
CONFIG_PACKAGE_luci-i18n-vsftpd-zh-cn=m
CONFIG_PACKAGE_luci-i18n-vssr-zh-cn=y
CONFIG_PACKAGE_luci-i18n-wrtbwmon-zh-cn=y
# CONFIG_PACKAGE_miniupnpd is not set
CONFIG_PACKAGE_mount-utils=y
CONFIG_PACKAGE_netdata=y
CONFIG_PACKAGE_nfs-kernel-server=y
CONFIG_PACKAGE_nfs-kernel-server-utils=y
CONFIG_PACKAGE_nfs-utils=y
CONFIG_PACKAGE_nfs-utils-libs=y
# CONFIG_PACKAGE_node is not set
CONFIG_PACKAGE_openvpn-easy-rsa=m
CONFIG_PACKAGE_openvpn-openssl=m
CONFIG_PACKAGE_parted=y
CONFIG_PACKAGE_redsocks2=y
CONFIG_PACKAGE_rpcbind=y
CONFIG_PACKAGE_rrdtool1=m
CONFIG_PACKAGE_ruby=y
CONFIG_PACKAGE_ruby-bigdecimal=y
CONFIG_PACKAGE_ruby-date=y
CONFIG_PACKAGE_ruby-dbm=y
CONFIG_PACKAGE_ruby-digest=y
CONFIG_PACKAGE_ruby-enc=y
CONFIG_PACKAGE_ruby-forwardable=y
CONFIG_PACKAGE_ruby-pstore=y
CONFIG_PACKAGE_ruby-psych=y
CONFIG_PACKAGE_ruby-stringio=y
CONFIG_PACKAGE_ruby-strscan=y
CONFIG_PACKAGE_ruby-yaml=y
CONFIG_PACKAGE_runc=m
CONFIG_PACKAGE_shadowsocks-libev-ss-server=y
CONFIG_PACKAGE_shadowsocks-rust-sslocal=y
CONFIG_PACKAGE_smartdns=m
CONFIG_PACKAGE_smartmontools=y
CONFIG_PACKAGE_sqm-scripts=m
# CONFIG_PACKAGE_strongswan is not set
CONFIG_PACKAGE_tc-mod-iptables=m
CONFIG_PACKAGE_tc-tiny=m
CONFIG_PACKAGE_tini=m
CONFIG_PACKAGE_trojan=y
CONFIG_PACKAGE_trojan-plus=y
CONFIG_PACKAGE_ttyd=y
CONFIG_PACKAGE_unbound-daemon=m
CONFIG_PACKAGE_unzip=y
CONFIG_PACKAGE_v2ray-plugin=y
CONFIG_PACKAGE_vlmcsd=m
CONFIG_PACKAGE_vsftpd-alt=m
# CONFIG_PACKAGE_wol is not set
CONFIG_PACKAGE_xray-geodata=y
CONFIG_PACKAGE_xray-plugin=y
# CONFIG_PACKAGE_zerotier is not set
CONFIG_RPCBIND_LIBWRAP=y
CONFIG_RPCBIND_RMTCALLS=y
CONFIG_TARGET_EXT4_BLOCKSIZE=4096
CONFIG_TARGET_EXT4_BLOCKSIZE_4K=y
CONFIG_TARGET_EXT4_RESERVED_PCT=0
CONFIG_TARGET_KERNEL_PARTSIZE=100
CONFIG_TARGET_ROOTFS_EXT4FS=y
CONFIG_TARGET_ROOTFS_PARTSIZE=2048
# CONFIG_UnblockNeteaseMusic_Go is not set
# CONFIG_UnblockNeteaseMusic_NodeJS is not set
CONFIG_boost-compile-visibility-hidden=y
CONFIG_boost-runtime-shared=y
CONFIG_boost-static-and-shared-libs=y
CONFIG_boost-variant-release=y
# CONFIG_PACKAGE_strongswan-mod-bliss is not set
# CONFIG_PACKAGE_strongswan-mod-newhope is not set
